# JRE version: OpenJDK Runtime Environment Temurin-17.0.6+10 (17.0.6+10) (build 17.0.6+10)
# Java VM: OpenJDK 64-Bit Server VM Temurin-17.0.6+10 (17.0.6+10, mixed mode, tiered, compressed oops, compressed class ptrs, g1 gc, windows-amd64)
GC Precious Log:
 CPUs: 8 total, 8 available
 Memory: 7778M
 Large Page Support: Disabled
 NUMA Support: Disabled
 Compressed Oops: Enabled (32-bit)
 Heap Region Size: 1M
 Heap Min Capacity: 8M
 Heap Initial Capacity: 122M
 Heap Max Capacity: 1946M
 Pre-touch: Disabled
 Parallel Workers: 8
 Concurrent Workers: 2
 Concurrent Refinement Workers: 8
 Periodic GC: Disabled
Heap:
 garbage-first heap   total 401408K, used 370259K [0x0000000086600000, 0x0000000100000000)
  region size 1024K, 8 young (8192K), 3 survivors (3072K)
 Metaspace       used 14767K, committed 14912K, reserved 1064960K
  class space    used 1654K, committed 1728K, reserved 1048576K
GC Heap History (20 events):
Event: 161.502 GC heap before
{Heap before GC invocations=36 (full 0):
 garbage-first heap   total 401408K, used 317106K [0x0000000086600000, 0x0000000100000000)
  region size 1024K, 54 young (55296K), 8 survivors (8192K)
 Metaspace       used 14767K, committed 14912K, reserved 1064960K
  class space    used 1654K, committed 1728K, reserved 1048576K
}
Event: 161.599 GC heap after
{Heap after GC invocations=37 (full 0):
 garbage-first heap   total 401408K, used 288768K [0x0000000086600000, 0x0000000100000000)
  region size 1024K, 7 young (7168K), 7 survivors (7168K)
 Metaspace       used 14767K, committed 14912K, reserved 1064960K
  class space    used 1654K, committed 1728K, reserved 1048576K
}
Event: 169.156 GC heap before
{Heap before GC invocations=37 (full 0):
 garbage-first heap   total 401408K, used 327680K [0x0000000086600000, 0x0000000100000000)
  region size 1024K, 45 young (46080K), 7 survivors (7168K)
 Metaspace       used 14767K, committed 14912K, reserved 1064960K
  class space    used 1654K, committed 1728K, reserved 1048576K
}
Event: 169.244 GC heap after
{Heap after GC invocations=38 (full 0):
 garbage-first heap   total 401408K, used 303970K [0x0000000086600000, 0x0000000100000000)
  region size 1024K, 6 young (6144K), 6 survivors (6144K)
 Metaspace       used 14767K, committed 14912K, reserved 1064960K
  class space    used 1654K, committed 1728K, reserved 1048576K
}
Event: 174.587 GC heap before
{Heap before GC invocations=38 (full 0):
 garbage-first heap   total 401408K, used 334690K [0x0000000086600000, 0x0000000100000000)
  region size 1024K, 36 young (36864K), 6 survivors (6144K)
 Metaspace       used 14767K, committed 14912K, reserved 1064960K
  class space    used 1654K, committed 1728K, reserved 1048576K
}
Event: 174.670 GC heap after
{Heap after GC invocations=39 (full 0):
 garbage-first heap   total 401408K, used 315784K [0x0000000086600000, 0x0000000100000000)
  region size 1024K, 5 young (5120K), 5 survivors (5120K)
 Metaspace       used 14767K, committed 14912K, reserved 1064960K
  class space    used 1654K, committed 1728K, reserved 1048576K
}
Event: 179.592 GC heap before
{Heap before GC invocations=39 (full 0):
 garbage-first heap   total 401408K, used 339336K [0x0000000086600000, 0x0000000100000000)
  region size 1024K, 28 young (28672K), 5 survivors (5120K)
 Metaspace       used 14767K, committed 14912K, reserved 1064960K
  class space    used 1654K, committed 1728K, reserved 1048576K
}
Event: 179.654 GC heap after
{Heap after GC invocations=40 (full 0):
 garbage-first heap   total 401408K, used 325632K [0x0000000086600000, 0x0000000100000000)
  region size 1024K, 4 young (4096K), 4 survivors (4096K)
 Metaspace       used 14767K, committed 14912K, reserved 1064960K
  class space    used 1654K, committed 1728K, reserved 1048576K
}
Event: 183.014 GC heap before
{Heap before GC invocations=40 (full 0):
 garbage-first heap   total 401408K, used 344064K [0x0000000086600000, 0x0000000100000000)
  region size 1024K, 22 young (22528K), 4 survivors (4096K)
 Metaspace       used 14767K, committed 14912K, reserved 1064960K
  class space    used 1654K, committed 1728K, reserved 1048576K
}
Event: 183.063 GC heap after
{Heap after GC invocations=41 (full 0):
 garbage-first heap   total 401408K, used 333322K [0x0000000086600000, 0x0000000100000000)
  region size 1024K, 3 young (3072K), 3 survivors (3072K)
 Metaspace       used 14767K, committed 14912K, reserved 1064960K
  class space    used 1654K, committed 1728K, reserved 1048576K
}
Event: 187.641 GC heap before
{Heap before GC invocations=41 (full 0):
 garbage-first heap   total 401408K, used 349706K [0x0000000086600000, 0x0000000100000000)
  region size 1024K, 19 young (19456K), 3 survivors (3072K)
 Metaspace       used 14767K, committed 14912K, reserved 1064960K
  class space    used 1654K, committed 1728K, reserved 1048576K
}
Event: 187.684 GC heap after
{Heap after GC invocations=42 (full 0):
 garbage-first heap   total 401408K, used 339968K [0x0000000086600000, 0x0000000100000000)
  region size 1024K, 3 young (3072K), 3 survivors (3072K)
 Metaspace       used 14767K, committed 14912K, reserved 1064960K
  class space    used 1654K, committed 1728K, reserved 1048576K
}
Event: 190.026 GC heap before
{Heap before GC invocations=42 (full 0):
 garbage-first heap   total 401408K, used 356352K [0x0000000086600000, 0x0000000100000000)
  region size 1024K, 19 young (19456K), 3 survivors (3072K)
 Metaspace       used 14767K, committed 14912K, reserved 1064960K
  class space    used 1654K, committed 1728K, reserved 1048576K
}
Event: 190.066 GC heap after
{Heap after GC invocations=43 (full 0):
 garbage-first heap   total 401408K, used 346440K [0x0000000086600000, 0x0000000100000000)
  region size 1024K, 3 young (3072K), 3 survivors (3072K)
 Metaspace       used 14767K, committed 14912K, reserved 1064960K
  class space    used 1654K, committed 1728K, reserved 1048576K
}
Event: 192.981 GC heap before
{Heap before GC invocations=43 (full 0):
 garbage-first heap   total 401408K, used 362824K [0x0000000086600000, 0x0000000100000000)
  region size 1024K, 19 young (19456K), 3 survivors (3072K)
 Metaspace       used 14767K, committed 14912K, reserved 1064960K
  class space    used 1654K, committed 1728K, reserved 1048576K
}
Event: 193.022 GC heap after
{Heap after GC invocations=44 (full 0):
 garbage-first heap   total 401408K, used 353018K [0x0000000086600000, 0x0000000100000000)
  region size 1024K, 3 young (3072K), 3 survivors (3072K)
 Metaspace       used 14767K, committed 14912K, reserved 1064960K
  class space    used 1654K, committed 1728K, reserved 1048576K
}
Event: 195.776 GC heap before
{Heap before GC invocations=44 (full 0):
 garbage-first heap   total 401408K, used 369402K [0x0000000086600000, 0x0000000100000000)
  region size 1024K, 19 young (19456K), 3 survivors (3072K)
 Metaspace       used 14767K, committed 14912K, reserved 1064960K
  class space    used 1654K, committed 1728K, reserved 1048576K
}
Event: 195.817 GC heap after
{Heap after GC invocations=45 (full 0):
 garbage-first heap   total 401408K, used 359573K [0x0000000086600000, 0x0000000100000000)
  region size 1024K, 3 young (3072K), 3 survivors (3072K)
 Metaspace       used 14767K, committed 14912K, reserved 1064960K
  class space    used 1654K, committed 1728K, reserved 1048576K
}
Event: 199.130 GC heap before
{Heap before GC invocations=45 (full 0):
 garbage-first heap   total 401408K, used 375957K [0x0000000086600000, 0x0000000100000000)
  region size 1024K, 19 young (19456K), 3 survivors (3072K)
 Metaspace       used 14767K, committed 14912K, reserved 1064960K
  class space    used 1654K, committed 1728K, reserved 1048576K
}
Event: 199.172 GC heap after
{Heap after GC invocations=46 (full 0):
 garbage-first heap   total 401408K, used 366163K [0x0000000086600000, 0x0000000100000000)
  region size 1024K, 3 young (3072K), 3 survivors (3072K)
 Metaspace       used 14767K, committed 14912K, reserved 1064960K
  class space    used 1654K, committed 1728K, reserved 1048576K
}

